21:31:26.174 INFO [GridLauncherV3.parse] - Selenium server version: 3.141.59, revision: e82be7d358
21:31:26.378 INFO [GridLauncherV3.lambda$buildLaunchers$3] - Launching a standalone Selenium Server on port 9515
2020-05-11 21:31:26.472:INFO::main: Logging initialized @760ms to org.seleniumhq.jetty9.util.log.StdErrLog
21:31:27.005 INFO [WebDriverServlet.<init>] - Initialising WebDriverServlet
21:31:27.663 INFO [SeleniumServer.boot] - Selenium Server is up and running on port 9515
21:31:28.718 INFO [ActiveSessionFactory.apply] - Capabilities are: {
  "browserName": "chrome",
  "chromeOptions": {
    "w3c": false
  },
  "name": "Test1"
}
21:31:28.722 INFO [ActiveSessionFactory.lambda$apply$11] - Matched factory org.openqa.selenium.grid.session.remote.ServicedSession$Factory (provider: org.openqa.selenium.chrome.ChromeDriverService)
Starting ChromeDriver 81.0.4044.69 (6813546031a4bc83f717a2ef7cd4ac6ec1199132-refs/branch-heads/4044@{#776}) on port 1377
Only local connections are allowed.
Please protect ports used by ChromeDriver and related test frameworks to prevent access by malicious code.
21:31:34.807 INFO [ProtocolHandshake.createSession] - Detected dialect: OSS
21:31:35.767 INFO [RemoteSession$Factory.lambda$performHandshake$0] - Started new session 8cddd767c5ecbe93010f64b025915c3b (org.openqa.selenium.chrome.ChromeDriverService)
[1589212897.226][SEVERE]: Timed out receiving message from renderer: 0.100
[1589212897.330][SEVERE]: Timed out receiving message from renderer: 0.100
[1589212897.433][SEVERE]: Timed out receiving message from renderer: 0.100
[1589212897.540][SEVERE]: Timed out receiving message from renderer: 0.100
[1589212897.643][SEVERE]: Timed out receiving message from renderer: 0.100
[1589212897.752][SEVERE]: Timed out receiving message from renderer: 0.100
[1589212898.021][SEVERE]: Timed out receiving message from renderer: 0.100
[1589212898.214][SEVERE]: Timed out receiving message from renderer: 0.100
[1589212898.318][SEVERE]: Timed out receiving message from renderer: 0.100
[1589212898.421][SEVERE]: Timed out receiving message from renderer: 0.100
[1589212898.528][SEVERE]: Timed out receiving message from renderer: 0.100
[1589212898.632][SEVERE]: Timed out receiving message from renderer: 0.100
[1589212898.738][SEVERE]: Timed out receiving message from renderer: 0.100
[1589212898.846][SEVERE]: Timed out receiving message from renderer: 0.100
[1589212898.952][SEVERE]: Timed out receiving message from renderer: 0.100
[1589212899.059][SEVERE]: Timed out receiving message from renderer: 0.100
[1589212899.162][SEVERE]: Timed out receiving message from renderer: 0.100
[1589212899.266][SEVERE]: Timed out receiving message from renderer: 0.100
[1589212899.370][SEVERE]: Timed out receiving message from renderer: 0.100
[1589212899.474][SEVERE]: Timed out receiving message from renderer: 0.100
[1589212899.578][SEVERE]: Timed out receiving message from renderer: 0.100
[1589212899.683][SEVERE]: Timed out receiving message from renderer: 0.100
[1589212899.788][SEVERE]: Timed out receiving message from renderer: 0.100
[1589212899.892][SEVERE]: Timed out receiving message from renderer: 0.100
[1589212899.995][SEVERE]: Timed out receiving message from renderer: 0.100
[1589212900.099][SEVERE]: Timed out receiving message from renderer: 0.100
[1589212900.205][SEVERE]: Timed out receiving message from renderer: 0.100
[1589212900.309][SEVERE]: Timed out receiving message from renderer: 0.100
[1589212900.413][SEVERE]: Timed out receiving message from renderer: 0.100
[1589212900.517][SEVERE]: Timed out receiving message from renderer: 0.100
[1589212900.621][SEVERE]: Timed out receiving message from renderer: 0.100
[1589212900.725][SEVERE]: Timed out receiving message from renderer: 0.100
[1589212900.829][SEVERE]: Timed out receiving message from renderer: 0.100
[1589212900.934][SEVERE]: Timed out receiving message from renderer: 0.100
[1589212901.040][SEVERE]: Timed out receiving message from renderer: 0.100
[1589212901.144][SEVERE]: Timed out receiving message from renderer: 0.100
[1589212901.248][SEVERE]: Timed out receiving message from renderer: 0.100
[1589212901.352][SEVERE]: Timed out receiving message from renderer: 0.100
[1589212901.457][SEVERE]: Timed out receiving message from renderer: 0.100
[1589212901.563][SEVERE]: Timed out receiving message from renderer: 0.100
[1589212901.667][SEVERE]: Timed out receiving message from renderer: 0.100
[1589212901.771][SEVERE]: Timed out receiving message from renderer: 0.100
[1589212901.874][SEVERE]: Timed out receiving message from renderer: 0.100
[1589212901.977][SEVERE]: Timed out receiving message from renderer: 0.100
[1589212902.089][SEVERE]: Timed out receiving message from renderer: 0.100
[1589212902.463][SEVERE]: Timed out receiving message from renderer: 0.100
[1589212902.571][SEVERE]: Timed out receiving message from renderer: 0.100
[1589212902.675][SEVERE]: Timed out receiving message from renderer: 0.100
[1589212902.779][SEVERE]: Timed out receiving message from renderer: 0.100
[1589212902.886][SEVERE]: Timed out receiving message from renderer: 0.100
[1589212902.999][SEVERE]: Timed out receiving message from renderer: 0.100
[1589212903.115][SEVERE]: Timed out receiving message from renderer: 0.100
[1589212903.219][SEVERE]: Timed out receiving message from renderer: 0.100
[1589212903.327][SEVERE]: Timed out receiving message from renderer: 0.100
[1589212903.431][SEVERE]: Timed out receiving message from renderer: 0.100
[1589212903.535][SEVERE]: Timed out receiving message from renderer: 0.100
[1589212903.639][SEVERE]: Timed out receiving message from renderer: 0.100
[1589212903.742][SEVERE]: Timed out receiving message from renderer: 0.100
[1589212903.846][SEVERE]: Timed out receiving message from renderer: 0.100
[1589212905.130][SEVERE]: Timed out receiving message from renderer: 0.100
[1589212905.234][SEVERE]: Timed out receiving message from renderer: 0.100
[1589212905.338][SEVERE]: Timed out receiving message from renderer: 0.100
[1589212905.450][SEVERE]: Timed out receiving message from renderer: 0.100
[1589212905.699][SEVERE]: Timed out receiving message from renderer: 0.100
[1589212905.803][SEVERE]: Timed out receiving message from renderer: 0.100
[1589212905.906][SEVERE]: Timed out receiving message from renderer: 0.100
[1589212906.010][SEVERE]: Timed out receiving message from renderer: 0.100
[1589212906.114][SEVERE]: Timed out receiving message from renderer: 0.100
[1589212906.218][SEVERE]: Timed out receiving message from renderer: 0.100
[1589212906.323][SEVERE]: Timed out receiving message from renderer: 0.100
[1589212906.428][SEVERE]: Timed out receiving message from renderer: 0.100
[1589212906.532][SEVERE]: Timed out receiving message from renderer: 0.100
[1589212906.636][SEVERE]: Timed out receiving message from renderer: 0.100
[1589212906.740][SEVERE]: Timed out receiving message from renderer: 0.100
[1589212906.847][SEVERE]: Timed out receiving message from renderer: 0.100
[1589212906.951][SEVERE]: Timed out receiving message from renderer: 0.100
[1589212907.056][SEVERE]: Timed out receiving message from renderer: 0.100
[1589212907.160][SEVERE]: Timed out receiving message from renderer: 0.100
[1589212907.264][SEVERE]: Timed out receiving message from renderer: 0.100
[1589212907.368][SEVERE]: Timed out receiving message from renderer: 0.100
[1589212907.472][SEVERE]: Timed out receiving message from renderer: 0.100
[1589212907.580][SEVERE]: Timed out receiving message from renderer: 0.100
[1589212907.685][SEVERE]: Timed out receiving message from renderer: 0.100
[1589212907.790][SEVERE]: Timed out receiving message from renderer: 0.100
[1589212907.900][SEVERE]: Timed out receiving message from renderer: 0.100
[1589212908.015][SEVERE]: Timed out receiving message from renderer: 0.100
[1589212908.121][SEVERE]: Timed out receiving message from renderer: 0.100
[1589212908.256][SEVERE]: Timed out receiving message from renderer: 0.100
[1589212908.359][SEVERE]: Timed out receiving message from renderer: 0.100
[1589212908.464][SEVERE]: Timed out receiving message from renderer: 0.100
[1589212908.568][SEVERE]: Timed out receiving message from renderer: 0.100
[1589212908.672][SEVERE]: Timed out receiving message from renderer: 0.100
[1589212908.776][SEVERE]: Timed out receiving message from renderer: 0.100
[1589212908.879][SEVERE]: Timed out receiving message from renderer: 0.100
[1589212908.983][SEVERE]: Timed out receiving message from renderer: 0.100
[1589212909.087][SEVERE]: Timed out receiving message from renderer: 0.100
[1589212909.192][SEVERE]: Timed out receiving message from renderer: 0.100
[1589212909.296][SEVERE]: Timed out receiving message from renderer: 0.100
[1589212909.401][SEVERE]: Timed out receiving message from renderer: 0.100
[1589212909.504][SEVERE]: Timed out receiving message from renderer: 0.100
[1589212909.609][SEVERE]: Timed out receiving message from renderer: 0.100
[1589212909.713][SEVERE]: Timed out receiving message from renderer: 0.100
[1589212909.817][SEVERE]: Timed out receiving message from renderer: 0.100
[1589212909.922][SEVERE]: Timed out receiving message from renderer: 0.100
[1589212910.025][SEVERE]: Timed out receiving message from renderer: 0.100
[1589212910.130][SEVERE]: Timed out receiving message from renderer: 0.100
[1589212910.235][SEVERE]: Timed out receiving message from renderer: 0.100
[1589212910.339][SEVERE]: Timed out receiving message from renderer: 0.100
[1589212910.442][SEVERE]: Timed out receiving message from renderer: 0.100
[1589212910.545][SEVERE]: Timed out receiving message from renderer: 0.100
[1589212910.651][SEVERE]: Timed out receiving message from renderer: 0.100
[1589212910.755][SEVERE]: Timed out receiving message from renderer: 0.100
[1589212910.859][SEVERE]: Timed out receiving message from renderer: 0.100
[1589212910.963][SEVERE]: Timed out receiving message from renderer: 0.100
[1589212911.066][SEVERE]: Timed out receiving message from renderer: 0.100
[1589212911.169][SEVERE]: Timed out receiving message from renderer: 0.100
[1589212911.273][SEVERE]: Timed out receiving message from renderer: 0.100
[1589212911.377][SEVERE]: Timed out receiving message from renderer: 0.100
[1589212911.481][SEVERE]: Timed out receiving message from renderer: 0.100
[1589212911.585][SEVERE]: Timed out receiving message from renderer: 0.100
[1589212911.689][SEVERE]: Timed out receiving message from renderer: 0.100
[1589212911.793][SEVERE]: Timed out receiving message from renderer: 0.100
[1589212911.897][SEVERE]: Timed out receiving message from renderer: 0.100
[1589212912.001][SEVERE]: Timed out receiving message from renderer: 0.100
[1589212912.107][SEVERE]: Timed out receiving message from renderer: 0.100
[1589212912.212][SEVERE]: Timed out receiving message from renderer: 0.100
[1589212912.316][SEVERE]: Timed out receiving message from renderer: 0.100
[1589212912.420][SEVERE]: Timed out receiving message from renderer: 0.100
[1589212912.526][SEVERE]: Timed out receiving message from renderer: 0.100
[1589212912.630][SEVERE]: Timed out receiving message from renderer: 0.100
[1589212912.734][SEVERE]: Timed out receiving message from renderer: 0.100
[1589212912.838][SEVERE]: Timed out receiving message from renderer: 0.100
[1589212912.942][SEVERE]: Timed out receiving message from renderer: 0.100
[1589212913.047][SEVERE]: Timed out receiving message from renderer: 0.100
[1589212913.151][SEVERE]: Timed out receiving message from renderer: 0.100
[1589212913.254][SEVERE]: Timed out receiving message from renderer: 0.100
[1589212913.357][SEVERE]: Timed out receiving message from renderer: 0.100
[1589212913.462][SEVERE]: Timed out receiving message from renderer: 0.100
[1589212913.567][SEVERE]: Timed out receiving message from renderer: 0.100
[1589212913.671][SEVERE]: Timed out receiving message from renderer: 0.100
[1589212913.775][SEVERE]: Timed out receiving message from renderer: 0.100
[1589212913.879][SEVERE]: Timed out receiving message from renderer: 0.100
[1589212913.983][SEVERE]: Timed out receiving message from renderer: 0.100
[1589212914.086][SEVERE]: Timed out receiving message from renderer: 0.100
[1589212914.196][SEVERE]: Timed out receiving message from renderer: 0.100
[1589212914.300][SEVERE]: Timed out receiving message from renderer: 0.100
[1589212914.405][SEVERE]: Timed out receiving message from renderer: 0.100
[1589212914.511][SEVERE]: Timed out receiving message from renderer: 0.100
[1589212914.619][SEVERE]: Timed out receiving message from renderer: 0.100
[1589212914.722][SEVERE]: Timed out receiving message from renderer: 0.100
[1589212914.964][SEVERE]: Timed out receiving message from renderer: 0.100
[1589212915.067][SEVERE]: Timed out receiving message from renderer: 0.100
[1589212915.181][SEVERE]: Timed out receiving message from renderer: 0.100
[1589212915.286][SEVERE]: Timed out receiving message from renderer: 0.100
[1589212915.390][SEVERE]: Timed out receiving message from renderer: 0.100
[1589212915.500][SEVERE]: Timed out receiving message from renderer: 0.100
[1589212915.604][SEVERE]: Timed out receiving message from renderer: 0.100
[1589212915.710][SEVERE]: Timed out receiving message from renderer: 0.100
[1589212915.822][SEVERE]: Timed out receiving message from renderer: 0.100
[1589212915.928][SEVERE]: Timed out receiving message from renderer: 0.100
[1589212916.033][SEVERE]: Timed out receiving message from renderer: 0.100
[1589212916.137][SEVERE]: Timed out receiving message from renderer: 0.100
[1589212916.240][SEVERE]: Timed out receiving message from renderer: 0.100
[1589212916.343][SEVERE]: Timed out receiving message from renderer: 0.100
[1589212916.447][SEVERE]: Timed out receiving message from renderer: 0.100
[1589212916.549][SEVERE]: Timed out receiving message from renderer: 0.100
[1589212916.655][SEVERE]: Timed out receiving message from renderer: 0.100
[1589212916.761][SEVERE]: Timed out receiving message from renderer: 0.100
[1589212916.869][SEVERE]: Timed out receiving message from renderer: 0.100
[1589212916.972][SEVERE]: Timed out receiving message from renderer: 0.100
[1589212917.076][SEVERE]: Timed out receiving message from renderer: 0.100
[1589212917.182][SEVERE]: Timed out receiving message from renderer: 0.100
[1589212917.285][SEVERE]: Timed out receiving message from renderer: 0.100
[1589212917.388][SEVERE]: Timed out receiving message from renderer: 0.100
[1589212917.492][SEVERE]: Timed out receiving message from renderer: 0.100
[1589212917.597][SEVERE]: Timed out receiving message from renderer: 0.100
[1589212917.701][SEVERE]: Timed out receiving message from renderer: 0.100
[1589212917.805][SEVERE]: Timed out receiving message from renderer: 0.100
[1589212917.910][SEVERE]: Timed out receiving message from renderer: 0.100
[1589212918.016][SEVERE]: Timed out receiving message from renderer: 0.100
[1589212918.120][SEVERE]: Timed out receiving message from renderer: 0.100
[1589212918.225][SEVERE]: Timed out receiving message from renderer: 0.100
[1589212918.335][SEVERE]: Timed out receiving message from renderer: 0.100
[1589212918.442][SEVERE]: Timed out receiving message from renderer: 0.100
[1589212918.552][SEVERE]: Timed out receiving message from renderer: 0.100
[1589212918.659][SEVERE]: Timed out receiving message from renderer: 0.100
[1589212918.769][SEVERE]: Timed out receiving message from renderer: 0.100
[1589212918.877][SEVERE]: Timed out receiving message from renderer: 0.100
[1589212918.985][SEVERE]: Timed out receiving message from renderer: 0.100
[1589212919.092][SEVERE]: Timed out receiving message from renderer: 0.100
[1589212919.201][SEVERE]: Timed out receiving message from renderer: 0.100
[1589212919.311][SEVERE]: Timed out receiving message from renderer: 0.100
[1589212919.418][SEVERE]: Timed out receiving message from renderer: 0.100
[1589212919.525][SEVERE]: Timed out receiving message from renderer: 0.100
[1589212919.631][SEVERE]: Timed out receiving message from renderer: 0.100
[1589212919.740][SEVERE]: Timed out receiving message from renderer: 0.100
[1589212919.852][SEVERE]: Timed out receiving message from renderer: 0.100
[1589212919.957][SEVERE]: Timed out receiving message from renderer: 0.100
[1589212920.061][SEVERE]: Timed out receiving message from renderer: 0.100
[1589212920.165][SEVERE]: Timed out receiving message from renderer: 0.100
[1589212920.271][SEVERE]: Timed out receiving message from renderer: 0.100
[1589212920.374][SEVERE]: Timed out receiving message from renderer: 0.100
[1589212920.478][SEVERE]: Timed out receiving message from renderer: 0.100
[1589212920.580][SEVERE]: Timed out receiving message from renderer: 0.100
[1589212920.688][SEVERE]: Timed out receiving message from renderer: 0.100
[1589212920.795][SEVERE]: Timed out receiving message from renderer: 0.100
[1589212920.901][SEVERE]: Timed out receiving message from renderer: 0.100
[1589212921.009][SEVERE]: Timed out receiving message from renderer: 0.100
[1589212921.113][SEVERE]: Timed out receiving message from renderer: 0.100
[1589212921.217][SEVERE]: Timed out receiving message from renderer: 0.100
[1589212921.321][SEVERE]: Timed out receiving message from renderer: 0.100
[1589212921.425][SEVERE]: Timed out receiving message from renderer: 0.100
[1589212921.531][SEVERE]: Timed out receiving message from renderer: 0.100
[1589212921.637][SEVERE]: Timed out receiving message from renderer: 0.100
[1589212921.741][SEVERE]: Timed out receiving message from renderer: 0.100
[1589212921.844][SEVERE]: Timed out receiving message from renderer: 0.100
[1589212921.949][SEVERE]: Timed out receiving message from renderer: 0.100
[1589212922.054][SEVERE]: Timed out receiving message from renderer: 0.100
[1589212922.164][SEVERE]: Timed out receiving message from renderer: 0.100
[1589212922.273][SEVERE]: Timed out receiving message from renderer: 0.100
[1589212922.380][SEVERE]: Timed out receiving message from renderer: 0.100
[1589212922.485][SEVERE]: Timed out receiving message from renderer: 0.100
[1589212922.593][SEVERE]: Timed out receiving message from renderer: 0.100
[1589212922.700][SEVERE]: Timed out receiving message from renderer: 0.100
[1589212922.810][SEVERE]: Timed out receiving message from renderer: 0.100
[1589212922.919][SEVERE]: Timed out receiving message from renderer: 0.100
[1589212923.029][SEVERE]: Timed out receiving message from renderer: 0.100
[1589212923.141][SEVERE]: Timed out receiving message from renderer: 0.100
[1589212923.245][SEVERE]: Timed out receiving message from renderer: 0.100
[1589212923.349][SEVERE]: Timed out receiving message from renderer: 0.100
[1589212923.453][SEVERE]: Timed out receiving message from renderer: 0.100
[1589212923.557][SEVERE]: Timed out receiving message from renderer: 0.100
[1589212923.661][SEVERE]: Timed out receiving message from renderer: 0.100
[1589212923.764][SEVERE]: Timed out receiving message from renderer: 0.100
[1589212923.871][SEVERE]: Timed out receiving message from renderer: 0.100
[1589212923.977][SEVERE]: Timed out receiving message from renderer: 0.100
[1589212924.082][SEVERE]: Timed out receiving message from renderer: 0.100
[1589212924.190][SEVERE]: Timed out receiving message from renderer: 0.100
[1589212924.298][SEVERE]: Timed out receiving message from renderer: 0.100
[1589212924.406][SEVERE]: Timed out receiving message from renderer: 0.100
[1589212924.510][SEVERE]: Timed out receiving message from renderer: 0.100
[1589212924.616][SEVERE]: Timed out receiving message from renderer: 0.100
[1589212924.900][SEVERE]: Timed out receiving message from renderer: 0.100
[1589212925.004][SEVERE]: Timed out receiving message from renderer: 0.100
[1589212925.108][SEVERE]: Timed out receiving message from renderer: 0.100
[1589212925.212][SEVERE]: Timed out receiving message from renderer: 0.100
[1589212925.317][SEVERE]: Timed out receiving message from renderer: 0.100
[1589212925.425][SEVERE]: Timed out receiving message from renderer: 0.100
[1589212925.529][SEVERE]: Timed out receiving message from renderer: 0.100
[1589212925.633][SEVERE]: Timed out receiving message from renderer: 0.100
21:32:13.234 INFO [ActiveSessions$1.onStop] - Removing session 8cddd767c5ecbe93010f64b025915c3b (org.openqa.selenium.chrome.ChromeDriverService)
