22:08:44.229 INFO [GridLauncherV3.parse] - Selenium server version: 3.141.59, revision: e82be7d358
22:08:44.417 INFO [GridLauncherV3.lambda$buildLaunchers$3] - Launching a standalone Selenium Server on port 9515
2020-05-11 22:08:44.526:INFO::main: Logging initialized @835ms to org.seleniumhq.jetty9.util.log.StdErrLog
22:08:45.073 INFO [WebDriverServlet.<init>] - Initialising WebDriverServlet
22:08:45.715 INFO [SeleniumServer.boot] - Selenium Server is up and running on port 9515
22:08:46.836 INFO [ActiveSessionFactory.apply] - Capabilities are: {
  "browserName": "chrome",
  "chromeOptions": {
    "w3c": false
  },
  "name": "Test1"
}
22:08:46.836 INFO [ActiveSessionFactory.lambda$apply$11] - Matched factory org.openqa.selenium.grid.session.remote.ServicedSession$Factory (provider: org.openqa.selenium.chrome.ChromeDriverService)
Starting ChromeDriver 81.0.4044.69 (6813546031a4bc83f717a2ef7cd4ac6ec1199132-refs/branch-heads/4044@{#776}) on port 47298
Only local connections are allowed.
Please protect ports used by ChromeDriver and related test frameworks to prevent access by malicious code.
22:08:52.685 INFO [ProtocolHandshake.createSession] - Detected dialect: OSS
22:08:53.762 INFO [RemoteSession$Factory.lambda$performHandshake$0] - Started new session d292e2285e3ab491ce7e86bb48f8cb29 (org.openqa.selenium.chrome.ChromeDriverService)
[1589215135.266][SEVERE]: Timed out receiving message from renderer: 0.100
[1589215135.370][SEVERE]: Timed out receiving message from renderer: 0.100
[1589215135.474][SEVERE]: Timed out receiving message from renderer: 0.100
[1589215135.578][SEVERE]: Timed out receiving message from renderer: 0.100
[1589215135.683][SEVERE]: Timed out receiving message from renderer: 0.100
[1589215135.824][SEVERE]: Timed out receiving message from renderer: 0.100
[1589215136.193][SEVERE]: Timed out receiving message from renderer: 0.100
[1589215136.300][SEVERE]: Timed out receiving message from renderer: 0.100
[1589215136.443][SEVERE]: Timed out receiving message from renderer: 0.100
[1589215136.547][SEVERE]: Timed out receiving message from renderer: 0.100
[1589215136.651][SEVERE]: Timed out receiving message from renderer: 0.100
[1589215136.756][SEVERE]: Timed out receiving message from renderer: 0.100
[1589215136.862][SEVERE]: Timed out receiving message from renderer: 0.100
[1589215138.848][SEVERE]: Timed out receiving message from renderer: 0.100
[1589215139.057][SEVERE]: Timed out receiving message from renderer: 0.100
[1589215139.227][SEVERE]: Timed out receiving message from renderer: 0.100
[1589215139.331][SEVERE]: Timed out receiving message from renderer: 0.100
[1589215139.435][SEVERE]: Timed out receiving message from renderer: 0.100
[1589215139.539][SEVERE]: Timed out receiving message from renderer: 0.100
[1589215139.643][SEVERE]: Timed out receiving message from renderer: 0.100
[1589215139.746][SEVERE]: Timed out receiving message from renderer: 0.100
[1589215139.850][SEVERE]: Timed out receiving message from renderer: 0.100
[1589215139.954][SEVERE]: Timed out receiving message from renderer: 0.100
[1589215140.058][SEVERE]: Timed out receiving message from renderer: 0.100
[1589215140.163][SEVERE]: Timed out receiving message from renderer: 0.100
22:09:01.141 INFO [ActiveSessions$1.onStop] - Removing session d292e2285e3ab491ce7e86bb48f8cb29 (org.openqa.selenium.chrome.ChromeDriverService)
